2025-02-05 16:16:35,080 DEBUG c.c.a.CategoryCheckApplication [main] application is running...
2025-02-05 16:16:35,564 INFO c.c.a.CategoryCheckApplication [main] Starting CategoryCheckApplication using Java 17.0.9 with PID 40101 (/Volumes/MyStorage/_Projects/category-check/target/classes started by Kamran in /Volumes/MyStorage/_Projects/category-check)
2025-02-05 16:16:35,568 DEBUG c.c.a.CategoryCheckApplication [main] Running with Spring Boot v3.4.2, Spring v6.2.2
2025-02-05 16:16:35,569 INFO c.c.a.CategoryCheckApplication [main] The following 1 profile is active: "dev"
2025-02-05 16:16:37,299 INFO c.c.a.CategoryCheckApplication [main] Started CategoryCheckApplication in 2.121 seconds (process running for 3.052)
2025-02-05 16:17:07,610 DEBUG c.c.a.c.DomainRestController [http-nio-8080-exec-1] inside checkDomain() ...
2025-02-05 16:40:17,234 DEBUG c.c.a.CategoryCheckApplication [main] application is running...
2025-02-05 16:40:17,753 INFO c.c.a.CategoryCheckApplication [main] Starting CategoryCheckApplication using Java 17.0.9 with PID 40384 (/Volumes/MyStorage/_Projects/category-check/target/classes started by Kamran in /Volumes/MyStorage/_Projects/category-check)
2025-02-05 16:40:17,756 DEBUG c.c.a.CategoryCheckApplication [main] Running with Spring Boot v3.4.2, Spring v6.2.2
2025-02-05 16:40:17,757 INFO c.c.a.CategoryCheckApplication [main] The following 1 profile is active: "dev"
2025-02-05 16:40:20,394 INFO c.c.a.CategoryCheckApplication [main] Started CategoryCheckApplication in 3.045 seconds (process running for 4.378)
2025-02-05 16:40:29,474 DEBUG c.c.a.a.DomainCheckLogAspect [http-nio-8080-exec-1] class : DomainRestController , service: checkDomain is running
2025-02-05 16:40:29,477 DEBUG c.c.a.c.DomainRestController [http-nio-8080-exec-1] inside checkDomain() ...
2025-02-05 16:40:29,482 DEBUG c.c.a.a.DomainCheckLogAspect [http-nio-8080-exec-1] class : DomainRestController , service: checkDomain running was finished
2025-02-05 16:42:37,351 INFO c.c.a.CategoryCheckApplication [main] Starting CategoryCheckApplication using Java 17.0.9 with PID 40439 (/Volumes/MyStorage/_Projects/category-check/target/classes started by Kamran in /Volumes/MyStorage/_Projects/category-check)
2025-02-05 16:42:37,357 DEBUG c.c.a.CategoryCheckApplication [main] Running with Spring Boot v3.4.2, Spring v6.2.2
2025-02-05 16:42:37,358 INFO c.c.a.CategoryCheckApplication [main] The following 1 profile is active: "dev"
2025-02-05 16:42:40,640 INFO c.c.a.CategoryCheckApplication [main] Started CategoryCheckApplication in 3.704 seconds (process running for 4.746)
2025-02-05 16:42:42,545 DEBUG c.c.a.a.DomainCheckLogAspect [http-nio-8080-exec-1] class : DomainRestController , service: checkDomain is running
2025-02-05 16:42:42,545 DEBUG c.c.a.c.DomainRestController [http-nio-8080-exec-1] inside checkDomain() ...
2025-02-05 16:42:42,548 DEBUG c.c.a.a.DomainCheckLogAspect [http-nio-8080-exec-1] class : DomainRestController , service: checkDomain running was finished
2025-02-05 17:02:28,778 INFO c.c.a.CategoryCheckApplication [main] Starting CategoryCheckApplication using Java 17.0.9 with PID 40687 (/Volumes/MyStorage/_Projects/category-check/target/classes started by Kamran in /Volumes/MyStorage/_Projects/category-check)
2025-02-05 17:02:28,785 DEBUG c.c.a.CategoryCheckApplication [main] Running with Spring Boot v3.4.2, Spring v6.2.2
2025-02-05 17:02:28,786 INFO c.c.a.CategoryCheckApplication [main] The following 1 profile is active: "dev"
2025-02-05 17:02:31,398 INFO c.c.a.CategoryCheckApplication [main] Started CategoryCheckApplication in 3.062 seconds (process running for 4.1)
2025-02-05 17:02:45,183 DEBUG c.c.a.a.DomainCheckLogAspect [http-nio-8080-exec-1] class : DomainCheckRestController , service: checkDomain is running
2025-02-05 17:02:45,183 DEBUG c.c.a.c.DomainCheckRestController [http-nio-8080-exec-1] inside checkDomain() ...
2025-02-05 17:02:45,190 DEBUG c.c.a.a.DomainCheckLogAspect [http-nio-8080-exec-1] class : DomainCheckRestController , service: checkDomain running was finished
2025-02-05 17:02:59,094 DEBUG c.c.a.a.DomainCheckLogAspect [http-nio-8080-exec-2] class : DomainCheckRestController , service: checkDomain is running
2025-02-05 17:02:59,094 DEBUG c.c.a.c.DomainCheckRestController [http-nio-8080-exec-2] inside checkDomain() ...
2025-02-05 17:02:59,094 DEBUG c.c.a.a.DomainCheckLogAspect [http-nio-8080-exec-2] class : DomainCheckRestController , service: checkDomain running was finished
2025-02-05 17:03:03,982 DEBUG c.c.a.a.DomainCheckLogAspect [http-nio-8080-exec-3] class : CategoryRestController , service: getCategories is running
2025-02-05 17:03:03,982 DEBUG c.c.a.a.DomainCheckLogAspect [http-nio-8080-exec-3] class : CategoryRestController , service: getCategories running was finished
2025-02-05 17:03:55,116 INFO c.c.a.CategoryCheckApplication [main] Starting CategoryCheckApplication using Java 17.0.9 with PID 40713 (/Volumes/MyStorage/_Projects/category-check/target/classes started by Kamran in /Volumes/MyStorage/_Projects/category-check)
2025-02-05 17:03:55,128 DEBUG c.c.a.CategoryCheckApplication [main] Running with Spring Boot v3.4.2, Spring v6.2.2
2025-02-05 17:03:55,129 INFO c.c.a.CategoryCheckApplication [main] The following 1 profile is active: "dev"
2025-02-05 17:03:57,848 INFO c.c.a.CategoryCheckApplication [main] Started CategoryCheckApplication in 3.245 seconds (process running for 5.245)
2025-02-05 17:04:02,303 DEBUG c.c.a.a.DomainCheckLogAspect [http-nio-8080-exec-1] class : DomainCheckRestController , service: checkDomain is running
2025-02-05 17:04:02,303 DEBUG c.c.a.c.DomainCheckRestController [http-nio-8080-exec-1] inside checkDomain() ...
2025-02-05 17:04:02,306 DEBUG c.c.a.a.DomainCheckLogAspect [http-nio-8080-exec-1] class : DomainCheckRestController , service: checkDomain running was finished
2025-02-05 17:04:04,973 DEBUG c.c.a.a.DomainCheckLogAspect [http-nio-8080-exec-2] class : DomainCheckRestController , service: checkDomain is running
2025-02-05 17:04:04,973 DEBUG c.c.a.c.DomainCheckRestController [http-nio-8080-exec-2] inside checkDomain() ...
2025-02-05 17:04:04,974 DEBUG c.c.a.a.DomainCheckLogAspect [http-nio-8080-exec-2] class : DomainCheckRestController , service: checkDomain running was finished
2025-02-05 18:56:31,722 INFO c.c.a.CategoryCheckApplication [main] Starting CategoryCheckApplication using Java 17.0.9 with PID 43672 (/Volumes/MyStorage/_Projects/category-check/target/classes started by Kamran in /Volumes/MyStorage/_Projects/category-check)
2025-02-05 18:56:31,733 DEBUG c.c.a.CategoryCheckApplication [main] Running with Spring Boot v3.4.2, Spring v6.2.2
2025-02-05 18:56:31,735 INFO c.c.a.CategoryCheckApplication [main] The following 1 profile is active: "dev"
2025-02-05 18:56:34,525 INFO c.c.a.CategoryCheckApplication [main] Started CategoryCheckApplication in 3.294 seconds (process running for 4.557)
2025-02-05 18:56:45,470 DEBUG c.c.a.a.DomainCheckLogAspect [http-nio-8080-exec-1] class : DomainCheckRestController , service: checkDomain is running
2025-02-05 18:56:45,473 DEBUG c.c.a.a.DomainCheckLogAspect [http-nio-8080-exec-1] Method arguments: [com.cyanapp.api.request.CheckDomainRequest@70b33357]
2025-02-05 18:56:45,473 DEBUG c.c.a.c.DomainCheckRestController [http-nio-8080-exec-1] inside checkDomain() ...
2025-02-05 18:56:45,478 DEBUG c.c.a.a.DomainCheckLogAspect [http-nio-8080-exec-1] class : DomainCheckRestController , service: checkDomain running was finished
2025-02-05 18:59:54,698 INFO c.c.a.CategoryCheckApplication [main] Starting CategoryCheckApplication using Java 17.0.9 with PID 43706 (/Volumes/MyStorage/_Projects/category-check/target/classes started by Kamran in /Volumes/MyStorage/_Projects/category-check)
2025-02-05 18:59:54,706 DEBUG c.c.a.CategoryCheckApplication [main] Running with Spring Boot v3.4.2, Spring v6.2.2
2025-02-05 18:59:54,707 INFO c.c.a.CategoryCheckApplication [main] The following 1 profile is active: "dev"
2025-02-05 18:59:57,574 INFO c.c.a.CategoryCheckApplication [main] Started CategoryCheckApplication in 3.265 seconds (process running for 4.303)
2025-02-05 19:00:00,987 DEBUG c.c.a.a.DomainCheckLogAspect [http-nio-8080-exec-1] class : DomainCheckRestController , service: checkDomain is running
2025-02-05 19:00:00,988 DEBUG c.c.a.a.DomainCheckLogAspect [http-nio-8080-exec-1] Method arguments: [com.cyanapp.api.request.CheckDomainRequest@11617f3b]
2025-02-05 19:00:00,988 DEBUG c.c.a.c.DomainCheckRestController [http-nio-8080-exec-1] inside checkDomain() ...
2025-02-05 19:00:00,992 DEBUG c.c.a.a.DomainCheckLogAspect [http-nio-8080-exec-1] class : DomainCheckRestController , service: checkDomain running was finished
2025-02-05 19:00:00,995 DEBUG c.c.a.a.DomainCheckLogAspect [http-nio-8080-exec-1] Method result: <200 OK OK,CheckDomainResponse(domain=null, category=null, blocked=false),[]>
2025-02-05 19:00:53,764 INFO c.c.a.CategoryCheckApplication [main] Starting CategoryCheckApplication using Java 17.0.9 with PID 43714 (/Volumes/MyStorage/_Projects/category-check/target/classes started by Kamran in /Volumes/MyStorage/_Projects/category-check)
2025-02-05 19:00:53,772 DEBUG c.c.a.CategoryCheckApplication [main] Running with Spring Boot v3.4.2, Spring v6.2.2
2025-02-05 19:00:53,773 INFO c.c.a.CategoryCheckApplication [main] The following 1 profile is active: "dev"
2025-02-05 19:00:56,759 INFO c.c.a.CategoryCheckApplication [main] Started CategoryCheckApplication in 3.492 seconds (process running for 4.685)
2025-02-05 19:00:57,128 DEBUG c.c.a.a.DomainCheckLogAspect [http-nio-8080-exec-1] class : DomainCheckRestController , service: checkDomain is running
2025-02-05 19:00:57,128 DEBUG c.c.a.a.DomainCheckLogAspect [http-nio-8080-exec-1] Method arguments: [CheckDomainRequest(url=null)]
2025-02-05 19:00:57,128 DEBUG c.c.a.c.DomainCheckRestController [http-nio-8080-exec-1] inside checkDomain() ...
2025-02-05 19:00:57,131 DEBUG c.c.a.a.DomainCheckLogAspect [http-nio-8080-exec-1] class : DomainCheckRestController , service: checkDomain running was finished
2025-02-05 19:00:57,135 DEBUG c.c.a.a.DomainCheckLogAspect [http-nio-8080-exec-1] Method result: <200 OK OK,CheckDomainResponse(domain=null, category=null, blocked=false),[]>
2025-02-05 20:31:03,417 DEBUG c.c.a.c.DomainCheckRestController [main] inside checkDomain() ...
2025-02-05 20:31:29,597 DEBUG c.c.a.c.DomainCheckRestController [main] inside checkDomain() ...
2025-02-05 20:35:25,577 DEBUG c.c.a.c.DomainCheckRestController [main] inside checkDomain() ...
2025-02-05 22:41:57,799 DEBUG c.c.a.c.DomainCheckRestController [main] inside checkDomain() ...
2025-02-05 22:45:11,820 DEBUG c.c.a.c.DomainCheckRestController [main] inside checkDomain() ...
2025-02-05 22:46:13,450 DEBUG c.c.a.c.DomainCheckRestController [main] inside checkDomain() ...
2025-02-05 23:08:10,876 DEBUG c.c.a.c.DomainCheckRestController [main] inside checkDomain() ...
2025-02-05 23:09:13,762 DEBUG c.c.a.c.DomainCheckRestController [main] inside checkDomain() ...
2025-02-05 23:09:39,823 DEBUG c.c.a.c.DomainCheckRestController [main] inside checkDomain() ...
2025-02-05 23:12:09,392 DEBUG c.c.a.c.DomainCheckRestController [main] inside checkDomain() ...
2025-02-05 23:13:02,060 DEBUG c.c.a.c.DomainCheckRestController [main] inside checkDomain() ...
2025-02-05 23:16:52,517 DEBUG c.c.a.c.DomainCheckRestController [main] inside checkDomain() ...
2025-02-05 23:22:07,129 DEBUG c.c.a.c.DomainCheckRestController [main] inside checkDomain() ...
2025-02-05 23:24:58,324 DEBUG c.c.a.c.DomainCheckRestController [main] inside checkDomain() ...
2025-02-05 23:25:33,932 DEBUG c.c.a.c.DomainCheckRestController [main] inside checkDomain() ...
2025-02-05 23:27:00,654 DEBUG c.c.a.c.DomainCheckRestController [main] inside checkDomain() ...
2025-02-05 23:30:08,062 DEBUG c.c.a.c.DomainCheckRestController [main] inside checkDomain() ...
2025-02-05 23:49:33,734 DEBUG c.c.a.c.DomainCheckRestController [main] inside checkDomain() ...
2025-02-05 23:50:55,733 DEBUG c.c.a.c.DomainCheckRestController [main] inside checkDomain() ...
2025-02-05 23:51:18,900 INFO c.c.a.CategoryCheckApplication [main] Starting CategoryCheckApplication using Java 17.0.9 with PID 46018 (/Volumes/MyStorage/_Projects/category-check/target/classes started by Kamran in /Volumes/MyStorage/_Projects/category-check)
2025-02-05 23:51:18,906 DEBUG c.c.a.CategoryCheckApplication [main] Running with Spring Boot v3.4.2, Spring v6.2.2
2025-02-05 23:51:18,907 INFO c.c.a.CategoryCheckApplication [main] The following 1 profile is active: "dev"
2025-02-05 23:51:20,726 ERROR o.s.b.d.LoggingFailureAnalysisReporter [main] 

***************************
APPLICATION FAILED TO START
***************************

Description:

Failed to configure a DataSource: 'url' attribute is not specified and no embedded datasource could be configured.

Reason: Failed to determine a suitable driver class


Action:

Consider the following:
	If you want an embedded database (H2, HSQL or Derby), please put it on the classpath.
	If you have database settings to be loaded from a particular profile you may need to activate it (the profiles dev are currently active).

2025-02-05 23:55:37,556 INFO c.c.a.CategoryCheckApplication [main] Starting CategoryCheckApplication using Java 17.0.9 with PID 46072 (/Volumes/MyStorage/_Projects/category-check/target/classes started by Kamran in /Volumes/MyStorage/_Projects/category-check)
2025-02-05 23:55:37,566 DEBUG c.c.a.CategoryCheckApplication [main] Running with Spring Boot v3.4.2, Spring v6.2.2
2025-02-05 23:55:37,567 INFO c.c.a.CategoryCheckApplication [main] The following 1 profile is active: "dev"
2025-02-05 23:55:40,146 ERROR o.s.o.j.LocalContainerEntityManagerFactoryBean [main] Failed to initialize JPA EntityManagerFactory: Entity 'com.cyanapp.api.entity.DomainEntity' has no identifier (every '@Entity' class must declare or inherit at least one '@Id' or '@EmbeddedId' property)
2025-02-05 23:55:40,201 ERROR o.s.b.SpringApplication [main] Application run failed
org.springframework.beans.factory.BeanCreationException: Error creating bean with name 'entityManagerFactory' defined in class path resource [org/springframework/boot/autoconfigure/orm/jpa/HibernateJpaConfiguration.class]: Entity 'com.cyanapp.api.entity.DomainEntity' has no identifier (every '@Entity' class must declare or inherit at least one '@Id' or '@EmbeddedId' property)
	at org.springframework.beans.factory.support.AbstractAutowireCapableBeanFactory.initializeBean(AbstractAutowireCapableBeanFactory.java:1812) ~[spring-beans-6.2.2.jar:6.2.2]
	at org.springframework.beans.factory.support.AbstractAutowireCapableBeanFactory.doCreateBean(AbstractAutowireCapableBeanFactory.java:601) ~[spring-beans-6.2.2.jar:6.2.2]
	at org.springframework.beans.factory.support.AbstractAutowireCapableBeanFactory.createBean(AbstractAutowireCapableBeanFactory.java:523) ~[spring-beans-6.2.2.jar:6.2.2]
	at org.springframework.beans.factory.support.AbstractBeanFactory.lambda$doGetBean$0(AbstractBeanFactory.java:336) ~[spring-beans-6.2.2.jar:6.2.2]
	at org.springframework.beans.factory.support.DefaultSingletonBeanRegistry.getSingleton(DefaultSingletonBeanRegistry.java:307) ~[spring-beans-6.2.2.jar:6.2.2]
	at org.springframework.beans.factory.support.AbstractBeanFactory.doGetBean(AbstractBeanFactory.java:334) ~[spring-beans-6.2.2.jar:6.2.2]
	at org.springframework.beans.factory.support.AbstractBeanFactory.getBean(AbstractBeanFactory.java:204) ~[spring-beans-6.2.2.jar:6.2.2]
	at org.springframework.context.support.AbstractApplicationContext.finishBeanFactoryInitialization(AbstractApplicationContext.java:970) ~[spring-context-6.2.2.jar:6.2.2]
	at org.springframework.context.support.AbstractApplicationContext.refresh(AbstractApplicationContext.java:627) ~[spring-context-6.2.2.jar:6.2.2]
	at org.springframework.boot.web.servlet.context.ServletWebServerApplicationContext.refresh(ServletWebServerApplicationContext.java:146) ~[spring-boot-3.4.2.jar:3.4.2]
	at org.springframework.boot.SpringApplication.refresh(SpringApplication.java:752) [spring-boot-3.4.2.jar:3.4.2]
	at org.springframework.boot.SpringApplication.refreshContext(SpringApplication.java:439) [spring-boot-3.4.2.jar:3.4.2]
	at org.springframework.boot.SpringApplication.run(SpringApplication.java:318) [spring-boot-3.4.2.jar:3.4.2]
	at org.springframework.boot.SpringApplication.run(SpringApplication.java:1361) [spring-boot-3.4.2.jar:3.4.2]
	at org.springframework.boot.SpringApplication.run(SpringApplication.java:1350) [spring-boot-3.4.2.jar:3.4.2]
	at com.cyanapp.api.CategoryCheckApplication.main(CategoryCheckApplication.java:14) [classes/:?]
Caused by: org.hibernate.AnnotationException: Entity 'com.cyanapp.api.entity.DomainEntity' has no identifier (every '@Entity' class must declare or inherit at least one '@Id' or '@EmbeddedId' property)
	at org.hibernate.boot.model.internal.InheritanceState.determineDefaultAccessType(InheritanceState.java:289) ~[hibernate-core-6.6.5.Final.jar:6.6.5.Final]
	at org.hibernate.boot.model.internal.InheritanceState.getElementsToProcess(InheritanceState.java:226) ~[hibernate-core-6.6.5.Final.jar:6.6.5.Final]
	at org.hibernate.boot.model.internal.InheritanceState.postProcess(InheritanceState.java:162) ~[hibernate-core-6.6.5.Final.jar:6.6.5.Final]
	at org.hibernate.boot.model.internal.EntityBinder.handleIdentifier(EntityBinder.java:410) ~[hibernate-core-6.6.5.Final.jar:6.6.5.Final]
	at org.hibernate.boot.model.internal.EntityBinder.bindEntityClass(EntityBinder.java:251) ~[hibernate-core-6.6.5.Final.jar:6.6.5.Final]
	at org.hibernate.boot.model.internal.AnnotationBinder.bindClass(AnnotationBinder.java:401) ~[hibernate-core-6.6.5.Final.jar:6.6.5.Final]
	at org.hibernate.boot.model.source.internal.annotations.AnnotationMetadataSourceProcessorImpl.processEntityHierarchies(AnnotationMetadataSourceProcessorImpl.java:257) ~[hibernate-core-6.6.5.Final.jar:6.6.5.Final]
	at org.hibernate.boot.model.process.spi.MetadataBuildingProcess$1.processEntityHierarchies(MetadataBuildingProcess.java:281) ~[hibernate-core-6.6.5.Final.jar:6.6.5.Final]
	at org.hibernate.boot.model.process.spi.MetadataBuildingProcess.complete(MetadataBuildingProcess.java:324) ~[hibernate-core-6.6.5.Final.jar:6.6.5.Final]
	at org.hibernate.jpa.boot.internal.EntityManagerFactoryBuilderImpl.metadata(EntityManagerFactoryBuilderImpl.java:1431) ~[hibernate-core-6.6.5.Final.jar:6.6.5.Final]
	at org.hibernate.jpa.boot.internal.EntityManagerFactoryBuilderImpl.build(EntityManagerFactoryBuilderImpl.java:1502) ~[hibernate-core-6.6.5.Final.jar:6.6.5.Final]
	at org.springframework.orm.jpa.vendor.SpringHibernateJpaPersistenceProvider.createContainerEntityManagerFactory(SpringHibernateJpaPersistenceProvider.java:66) ~[spring-orm-6.2.2.jar:6.2.2]
	at org.springframework.orm.jpa.LocalContainerEntityManagerFactoryBean.createNativeEntityManagerFactory(LocalContainerEntityManagerFactoryBean.java:390) ~[spring-orm-6.2.2.jar:6.2.2]
	at org.springframework.orm.jpa.AbstractEntityManagerFactoryBean.buildNativeEntityManagerFactory(AbstractEntityManagerFactoryBean.java:419) ~[spring-orm-6.2.2.jar:6.2.2]
	at org.springframework.orm.jpa.AbstractEntityManagerFactoryBean.afterPropertiesSet(AbstractEntityManagerFactoryBean.java:400) ~[spring-orm-6.2.2.jar:6.2.2]
	at org.springframework.orm.jpa.LocalContainerEntityManagerFactoryBean.afterPropertiesSet(LocalContainerEntityManagerFactoryBean.java:366) ~[spring-orm-6.2.2.jar:6.2.2]
	at org.springframework.beans.factory.support.AbstractAutowireCapableBeanFactory.invokeInitMethods(AbstractAutowireCapableBeanFactory.java:1859) ~[spring-beans-6.2.2.jar:6.2.2]
	at org.springframework.beans.factory.support.AbstractAutowireCapableBeanFactory.initializeBean(AbstractAutowireCapableBeanFactory.java:1808) ~[spring-beans-6.2.2.jar:6.2.2]
	... 15 more
2025-02-05 23:58:10,394 INFO c.c.a.CategoryCheckApplication [main] Starting CategoryCheckApplication using Java 17.0.9 with PID 46105 (/Volumes/MyStorage/_Projects/category-check/target/classes started by Kamran in /Volumes/MyStorage/_Projects/category-check)
2025-02-05 23:58:10,405 DEBUG c.c.a.CategoryCheckApplication [main] Running with Spring Boot v3.4.2, Spring v6.2.2
2025-02-05 23:58:10,407 INFO c.c.a.CategoryCheckApplication [main] The following 1 profile is active: "dev"
2025-02-05 23:58:15,896 INFO c.c.a.CategoryCheckApplication [main] Started CategoryCheckApplication in 5.878 seconds (process running for 6.94)
2025-02-05 23:58:32,327 DEBUG c.c.a.a.DomainCheckLogAspect [http-nio-8080-exec-1] class : DomainCheckRestController , service: checkDomain is running
2025-02-05 23:58:32,328 DEBUG c.c.a.a.DomainCheckLogAspect [http-nio-8080-exec-1] Method arguments: [CheckDomainRequest(url=https://cdn.instagram.com/images/13761dac?utm=google.com)]
2025-02-05 23:58:32,328 DEBUG c.c.a.c.DomainCheckRestController [http-nio-8080-exec-1] inside checkDomain() ...
2025-02-05 23:58:56,701 DEBUG c.c.a.a.DomainCheckLogAspect [http-nio-8080-exec-1] class : DomainCheckRestController , service: checkDomain running was finished
2025-02-05 23:58:56,703 DEBUG c.c.a.a.DomainCheckLogAspect [http-nio-8080-exec-1] Method result: <200 OK OK,CheckDomainResponse(domain=cdn.instagram.com, category=UNKNOWN, blocked=false),[]>
2025-02-06 00:18:14,775 INFO c.c.a.CategoryCheckApplication [main] Starting CategoryCheckApplication using Java 17.0.9 with PID 46471 (/Volumes/MyStorage/_Projects/category-check/target/classes started by Kamran in /Volumes/MyStorage/_Projects/category-check)
2025-02-06 00:18:14,783 DEBUG c.c.a.CategoryCheckApplication [main] Running with Spring Boot v3.4.2, Spring v6.2.2
2025-02-06 00:18:14,784 INFO c.c.a.CategoryCheckApplication [main] The following 1 profile is active: "dev"
2025-02-06 00:18:19,438 INFO c.c.a.CategoryCheckApplication [main] Started CategoryCheckApplication in 5.064 seconds (process running for 6.008)
2025-02-06 00:19:17,768 DEBUG c.c.a.a.DomainCheckLogAspect [http-nio-8080-exec-7] class : DomainCheckRestController , service: checkDomain is running
2025-02-06 00:19:17,771 DEBUG c.c.a.a.DomainCheckLogAspect [http-nio-8080-exec-7] Method arguments: [CheckDomainRequest(url=https://cdn.instagram.com/images/13761dac?utm=google.com)]
2025-02-06 00:19:17,771 DEBUG c.c.a.c.DomainCheckRestController [http-nio-8080-exec-7] inside checkDomain() ...
2025-02-06 00:19:30,183 DEBUG c.c.a.a.DomainCheckLogAspect [http-nio-8080-exec-7] class : DomainCheckRestController , service: checkDomain running was finished
2025-02-06 00:19:30,185 DEBUG c.c.a.a.DomainCheckLogAspect [http-nio-8080-exec-7] Method result: <200 OK OK,CheckDomainResponse(domain=cdn.instagram.com, category=UNKNOWN, blocked=false),[]>
2025-02-06 00:19:39,403 DEBUG c.c.a.a.DomainCheckLogAspect [http-nio-8080-exec-10] class : DomainCheckRestController , service: checkDomain is running
2025-02-06 00:19:39,406 DEBUG c.c.a.a.DomainCheckLogAspect [http-nio-8080-exec-10] Method arguments: [CheckDomainRequest(url=https://porn.badinternetdomain.com/images/13761dac?utm=google.com)]
2025-02-06 00:19:39,406 DEBUG c.c.a.c.DomainCheckRestController [http-nio-8080-exec-10] inside checkDomain() ...
2025-02-06 00:19:45,538 DEBUG c.c.a.a.DomainCheckLogAspect [http-nio-8080-exec-10] class : DomainCheckRestController , service: checkDomain running was finished
2025-02-06 00:19:45,538 DEBUG c.c.a.a.DomainCheckLogAspect [http-nio-8080-exec-10] Method result: <200 OK OK,CheckDomainResponse(domain=porn.badinternetdomain.com, category=PORNOGRAPHY, blocked=false),[]>
2025-02-06 00:20:12,349 DEBUG c.c.a.a.DomainCheckLogAspect [http-nio-8080-exec-1] class : DomainCheckRestController , service: checkDomain is running
2025-02-06 00:20:12,349 DEBUG c.c.a.a.DomainCheckLogAspect [http-nio-8080-exec-1] Method arguments: [CheckDomainRequest(url=https://sex.badinternetdomain.com/images/13761dac?utm=google.com)]
2025-02-06 00:20:12,349 DEBUG c.c.a.c.DomainCheckRestController [http-nio-8080-exec-1] inside checkDomain() ...
2025-02-06 00:20:14,662 DEBUG c.c.a.a.DomainCheckLogAspect [http-nio-8080-exec-1] class : DomainCheckRestController , service: checkDomain running was finished
2025-02-06 00:20:14,662 DEBUG c.c.a.a.DomainCheckLogAspect [http-nio-8080-exec-1] Method result: <200 OK OK,CheckDomainResponse(domain=sex.badinternetdomain.com, category=PORNOGRAPHY, blocked=true),[]>
2025-02-06 00:38:38,367 INFO c.c.a.CategoryCheckApplication [main] Starting CategoryCheckApplication using Java 17.0.9 with PID 46635 (/Volumes/MyStorage/_Projects/category-check/target/classes started by Kamran in /Volumes/MyStorage/_Projects/category-check)
2025-02-06 00:38:38,374 DEBUG c.c.a.CategoryCheckApplication [main] Running with Spring Boot v3.4.2, Spring v6.2.2
2025-02-06 00:38:38,375 INFO c.c.a.CategoryCheckApplication [main] The following 1 profile is active: "dev"
2025-02-06 00:38:43,713 INFO c.c.a.CategoryCheckApplication [main] Started CategoryCheckApplication in 5.757 seconds (process running for 6.747)
2025-02-06 00:42:03,871 DEBUG c.c.a.a.DomainCheckLogAspect [http-nio-8080-exec-1] class : DomainCheckRestController , service: getDomainStatistics is running
2025-02-06 00:42:03,874 DEBUG c.c.a.a.DomainCheckLogAspect [http-nio-8080-exec-1] Method arguments: []
2025-02-06 00:42:04,052 DEBUG c.c.a.a.DomainCheckLogAspect [http-nio-8080-exec-1] class : DomainCheckRestController , service: getDomainStatistics running was finished
2025-02-06 00:42:04,053 DEBUG c.c.a.a.DomainCheckLogAspect [http-nio-8080-exec-1] Method result: Blocked Domains (MALWARE_AND_PHISHING): 1
Blocked Domains (Excluding MALWARE_AND_PHISHING): 5
Total Blocked Domains: 6
2025-02-06 00:42:50,264 DEBUG c.c.a.a.DomainCheckLogAspect [http-nio-8080-exec-3] class : DomainCheckRestController , service: getDomainStatistics is running
2025-02-06 00:42:50,267 DEBUG c.c.a.a.DomainCheckLogAspect [http-nio-8080-exec-3] Method arguments: []
2025-02-06 00:42:50,285 DEBUG c.c.a.a.DomainCheckLogAspect [http-nio-8080-exec-3] class : DomainCheckRestController , service: getDomainStatistics running was finished
2025-02-06 00:42:50,286 DEBUG c.c.a.a.DomainCheckLogAspect [http-nio-8080-exec-3] Method result: Blocked Domains (MALWARE_AND_PHISHING): 1
Blocked Domains (Excluding MALWARE_AND_PHISHING): 5
Total Blocked Domains: 6
2025-02-06 10:01:28,463 INFO c.c.a.CategoryCheckApplication [main] Starting CategoryCheckApplication using Java 21.0.6 with PID 47913 (/Volumes/MyStorage/_Projects/category-check/target/classes started by Kamran in /Volumes/MyStorage/_Projects/category-check)
2025-02-06 10:01:28,485 DEBUG c.c.a.CategoryCheckApplication [main] Running with Spring Boot v3.4.2, Spring v6.2.2
2025-02-06 10:01:28,487 INFO c.c.a.CategoryCheckApplication [main] The following 1 profile is active: "dev"
2025-02-06 10:01:37,163 INFO c.c.a.CategoryCheckApplication [main] Started CategoryCheckApplication in 9.745 seconds (process running for 12.318)
2025-02-06 10:02:02,526 DEBUG c.c.a.a.DomainCheckLogAspect [http-nio-8080-exec-1] class : DomainCheckRestController , service: checkDomain is running
2025-02-06 10:02:02,529 DEBUG c.c.a.a.DomainCheckLogAspect [http-nio-8080-exec-1] Method arguments: [CheckDomainRequest(url=https://sex.badinternetdomain.com/images/13761dac?utm=google.com)]
2025-02-06 10:02:02,529 DEBUG c.c.a.c.DomainCheckRestController [http-nio-8080-exec-1] inside checkDomain() ...
2025-02-06 10:02:56,655 DEBUG c.c.a.a.DomainCheckLogAspect [http-nio-8080-exec-1] class : DomainCheckRestController , service: checkDomain running was finished
2025-02-06 10:02:56,657 DEBUG c.c.a.a.DomainCheckLogAspect [http-nio-8080-exec-1] Method result: <200 OK OK,CheckDomainResponse(domain=sex.badinternetdomain.com, category=PORNOGRAPHY, blocked=true),[]>
2025-02-06 10:03:11,516 DEBUG c.c.a.a.DomainCheckLogAspect [http-nio-8080-exec-2] class : DomainCheckRestController , service: checkDomain is running
2025-02-06 10:03:11,517 DEBUG c.c.a.a.DomainCheckLogAspect [http-nio-8080-exec-2] Method arguments: [CheckDomainRequest(url=https://sex.badinternetdomain.com/images/13761dac?utm=google.com)]
2025-02-06 10:03:11,517 DEBUG c.c.a.c.DomainCheckRestController [http-nio-8080-exec-2] inside checkDomain() ...
2025-02-06 10:03:31,541 DEBUG c.c.a.a.DomainCheckLogAspect [http-nio-8080-exec-2] class : DomainCheckRestController , service: checkDomain running was finished
2025-02-06 10:03:31,542 DEBUG c.c.a.a.DomainCheckLogAspect [http-nio-8080-exec-2] Method result: <200 OK OK,CheckDomainResponse(domain=sex.badinternetdomain.com, category=PORNOGRAPHY, blocked=true),[]>
2025-02-06 10:03:40,795 DEBUG c.c.a.a.DomainCheckLogAspect [http-nio-8080-exec-3] class : DomainCheckRestController , service: checkDomain is running
2025-02-06 10:03:40,795 DEBUG c.c.a.a.DomainCheckLogAspect [http-nio-8080-exec-3] Method arguments: [CheckDomainRequest(url=https://sex1.badinternetdomain.com/images/13761dac?utm=google.com)]
2025-02-06 10:03:40,796 DEBUG c.c.a.c.DomainCheckRestController [http-nio-8080-exec-3] inside checkDomain() ...
2025-02-06 10:03:48,235 DEBUG c.c.a.a.DomainCheckLogAspect [http-nio-8080-exec-3] class : DomainCheckRestController , service: checkDomain running was finished
2025-02-06 10:03:48,235 DEBUG c.c.a.a.DomainCheckLogAspect [http-nio-8080-exec-3] Method result: <200 OK OK,CheckDomainResponse(domain=sex1.badinternetdomain.com, category=UNKNOWN, blocked=false),[]>
2025-02-06 10:03:52,852 DEBUG c.c.a.a.DomainCheckLogAspect [http-nio-8080-exec-4] class : DomainCheckRestController , service: checkDomain is running
2025-02-06 10:03:52,852 DEBUG c.c.a.a.DomainCheckLogAspect [http-nio-8080-exec-4] Method arguments: [CheckDomainRequest(url=https://sex1.badinternetdomain.com/images/13761dac?utm=google.com)]
2025-02-06 10:03:52,852 DEBUG c.c.a.c.DomainCheckRestController [http-nio-8080-exec-4] inside checkDomain() ...
2025-02-06 10:04:21,144 DEBUG c.c.a.a.DomainCheckLogAspect [http-nio-8080-exec-4] class : DomainCheckRestController , service: checkDomain running was finished
2025-02-06 10:04:21,144 DEBUG c.c.a.a.DomainCheckLogAspect [http-nio-8080-exec-4] Method result: <200 OK OK,CheckDomainResponse(domain=sex1.badinternetdomain.com, category=UNKNOWN, blocked=false),[]>
2025-02-06 10:08:55,092 INFO c.c.a.CategoryCheckApplication [main] Starting CategoryCheckApplication using Java 21.0.6 with PID 48202 (/Volumes/MyStorage/_Projects/category-check/target/classes started by Kamran in /Volumes/MyStorage/_Projects/category-check)
2025-02-06 10:08:55,102 DEBUG c.c.a.CategoryCheckApplication [main] Running with Spring Boot v3.4.2, Spring v6.2.2
2025-02-06 10:08:55,102 INFO c.c.a.CategoryCheckApplication [main] The following 1 profile is active: "dev"
2025-02-06 10:09:00,718 INFO c.c.a.CategoryCheckApplication [main] Started CategoryCheckApplication in 6.005 seconds (process running for 7.141)
2025-02-06 10:11:02,038 DEBUG c.c.a.a.DomainCheckLogAspect [http-nio-8080-exec-9] class : DomainCheckRestController , service: getDomainStatistics is running
2025-02-06 10:11:02,042 DEBUG c.c.a.a.DomainCheckLogAspect [http-nio-8080-exec-9] Method arguments: []
2025-02-06 10:11:02,198 DEBUG c.c.a.a.DomainCheckLogAspect [http-nio-8080-exec-9] class : DomainCheckRestController , service: getDomainStatistics running was finished
2025-02-06 10:11:02,198 DEBUG c.c.a.a.DomainCheckLogAspect [http-nio-8080-exec-9] Method result: Blocked Domains (MALWARE_AND_PHISHING): 1
Blocked Domains (Excluding MALWARE_AND_PHISHING): 5
Total Blocked Domains: 6
2025-02-06 10:11:10,853 DEBUG c.c.a.a.DomainCheckLogAspect [http-nio-8080-exec-10] class : DomainCheckRestController , service: checkDomain is running
2025-02-06 10:11:10,854 DEBUG c.c.a.a.DomainCheckLogAspect [http-nio-8080-exec-10] Method arguments: [CheckDomainRequest(url=<string>)]
2025-02-06 10:11:10,854 DEBUG c.c.a.c.DomainCheckRestController [http-nio-8080-exec-10] inside checkDomain() ...
2025-02-06 10:11:15,693 ERROR o.a.c.c.C.[.[.[.[dispatcherServlet] [http-nio-8080-exec-10] Servlet.service() for servlet [dispatcherServlet] in context with path [] threw exception [Request processing failed: java.lang.IllegalArgumentException] with root cause
java.lang.IllegalArgumentException: null
	at com.cyanapp.api.service.impl.DomainServiceImpl.checkDomain(DomainServiceImpl.java:51) ~[classes/:?]
	at com.cyanapp.api.controller.DomainCheckRestController.checkDomain(DomainCheckRestController.java:32) ~[classes/:?]
	at java.base/jdk.internal.reflect.DirectMethodHandleAccessor.invoke(DirectMethodHandleAccessor.java:103) ~[?:?]
	at java.base/java.lang.reflect.Method.invoke(Method.java:580) ~[?:?]
	at org.springframework.aop.support.AopUtils.invokeJoinpointUsingReflection(AopUtils.java:359) ~[spring-aop-6.2.2.jar:6.2.2]
	at org.springframework.aop.framework.ReflectiveMethodInvocation.invokeJoinpoint(ReflectiveMethodInvocation.java:196) ~[spring-aop-6.2.2.jar:6.2.2]
	at org.springframework.aop.framework.ReflectiveMethodInvocation.proceed(ReflectiveMethodInvocation.java:163) ~[spring-aop-6.2.2.jar:6.2.2]
	at org.springframework.aop.aspectj.MethodInvocationProceedingJoinPoint.proceed(MethodInvocationProceedingJoinPoint.java:89) ~[spring-aop-6.2.2.jar:6.2.2]
	at com.cyanapp.api.aspect.DomainCheckLogAspect.logInfos(DomainCheckLogAspect.java:31) ~[classes/:?]
	at java.base/jdk.internal.reflect.DirectMethodHandleAccessor.invoke(DirectMethodHandleAccessor.java:103) ~[?:?]
	at java.base/java.lang.reflect.Method.invoke(Method.java:580) ~[?:?]
	at org.springframework.aop.aspectj.AbstractAspectJAdvice.invokeAdviceMethodWithGivenArgs(AbstractAspectJAdvice.java:638) ~[spring-aop-6.2.2.jar:6.2.2]
	at org.springframework.aop.aspectj.AbstractAspectJAdvice.invokeAdviceMethod(AbstractAspectJAdvice.java:628) ~[spring-aop-6.2.2.jar:6.2.2]
	at org.springframework.aop.aspectj.AspectJAroundAdvice.invoke(AspectJAroundAdvice.java:71) ~[spring-aop-6.2.2.jar:6.2.2]
	at org.springframework.aop.framework.ReflectiveMethodInvocation.proceed(ReflectiveMethodInvocation.java:184) ~[spring-aop-6.2.2.jar:6.2.2]
	at org.springframework.aop.interceptor.ExposeInvocationInterceptor.invoke(ExposeInvocationInterceptor.java:97) ~[spring-aop-6.2.2.jar:6.2.2]
	at org.springframework.aop.framework.ReflectiveMethodInvocation.proceed(ReflectiveMethodInvocation.java:184) ~[spring-aop-6.2.2.jar:6.2.2]
	at org.springframework.aop.framework.CglibAopProxy$DynamicAdvisedInterceptor.intercept(CglibAopProxy.java:727) ~[spring-aop-6.2.2.jar:6.2.2]
	at com.cyanapp.api.controller.DomainCheckRestController$$SpringCGLIB$$0.checkDomain(<generated>) ~[classes/:?]
	at java.base/jdk.internal.reflect.DirectMethodHandleAccessor.invoke(DirectMethodHandleAccessor.java:103) ~[?:?]
	at java.base/java.lang.reflect.Method.invoke(Method.java:580) ~[?:?]
	at org.springframework.web.method.support.InvocableHandlerMethod.doInvoke(InvocableHandlerMethod.java:257) ~[spring-web-6.2.2.jar:6.2.2]
	at org.springframework.web.method.support.InvocableHandlerMethod.invokeForRequest(InvocableHandlerMethod.java:190) ~[spring-web-6.2.2.jar:6.2.2]
	at org.springframework.web.servlet.mvc.method.annotation.ServletInvocableHandlerMethod.invokeAndHandle(ServletInvocableHandlerMethod.java:118) ~[spring-webmvc-6.2.2.jar:6.2.2]
	at org.springframework.web.servlet.mvc.method.annotation.RequestMappingHandlerAdapter.invokeHandlerMethod(RequestMappingHandlerAdapter.java:986) ~[spring-webmvc-6.2.2.jar:6.2.2]
	at org.springframework.web.servlet.mvc.method.annotation.RequestMappingHandlerAdapter.handleInternal(RequestMappingHandlerAdapter.java:891) ~[spring-webmvc-6.2.2.jar:6.2.2]
	at org.springframework.web.servlet.mvc.method.AbstractHandlerMethodAdapter.handle(AbstractHandlerMethodAdapter.java:87) ~[spring-webmvc-6.2.2.jar:6.2.2]
	at org.springframework.web.servlet.DispatcherServlet.doDispatch(DispatcherServlet.java:1088) ~[spring-webmvc-6.2.2.jar:6.2.2]
	at org.springframework.web.servlet.DispatcherServlet.doService(DispatcherServlet.java:978) ~[spring-webmvc-6.2.2.jar:6.2.2]
	at org.springframework.web.servlet.FrameworkServlet.processRequest(FrameworkServlet.java:1014) ~[spring-webmvc-6.2.2.jar:6.2.2]
	at org.springframework.web.servlet.FrameworkServlet.doPost(FrameworkServlet.java:914) ~[spring-webmvc-6.2.2.jar:6.2.2]
	at jakarta.servlet.http.HttpServlet.service(HttpServlet.java:590) ~[tomcat-embed-core-10.1.34.jar:6.0]
	at org.springframework.web.servlet.FrameworkServlet.service(FrameworkServlet.java:885) ~[spring-webmvc-6.2.2.jar:6.2.2]
	at jakarta.servlet.http.HttpServlet.service(HttpServlet.java:658) ~[tomcat-embed-core-10.1.34.jar:6.0]
	at org.apache.catalina.core.ApplicationFilterChain.internalDoFilter(ApplicationFilterChain.java:195) ~[tomcat-embed-core-10.1.34.jar:10.1.34]
	at org.apache.catalina.core.ApplicationFilterChain.doFilter(ApplicationFilterChain.java:140) ~[tomcat-embed-core-10.1.34.jar:10.1.34]
	at org.apache.tomcat.websocket.server.WsFilter.doFilter(WsFilter.java:51) ~[tomcat-embed-websocket-10.1.34.jar:10.1.34]
	at org.apache.catalina.core.ApplicationFilterChain.internalDoFilter(ApplicationFilterChain.java:164) ~[tomcat-embed-core-10.1.34.jar:10.1.34]
	at org.apache.catalina.core.ApplicationFilterChain.doFilter(ApplicationFilterChain.java:140) ~[tomcat-embed-core-10.1.34.jar:10.1.34]
	at org.springframework.web.filter.ServerHttpObservationFilter.doFilterInternal(ServerHttpObservationFilter.java:114) ~[spring-web-6.2.2.jar:6.2.2]
	at org.springframework.web.filter.OncePerRequestFilter.doFilter(OncePerRequestFilter.java:116) ~[spring-web-6.2.2.jar:6.2.2]
	at org.apache.catalina.core.ApplicationFilterChain.internalDoFilter(ApplicationFilterChain.java:164) ~[tomcat-embed-core-10.1.34.jar:10.1.34]
	at org.apache.catalina.core.ApplicationFilterChain.doFilter(ApplicationFilterChain.java:140) ~[tomcat-embed-core-10.1.34.jar:10.1.34]
	at org.springframework.web.filter.CharacterEncodingFilter.doFilterInternal(CharacterEncodingFilter.java:201) ~[spring-web-6.2.2.jar:6.2.2]
	at org.springframework.web.filter.OncePerRequestFilter.doFilter(OncePerRequestFilter.java:116) ~[spring-web-6.2.2.jar:6.2.2]
	at org.apache.catalina.core.ApplicationFilterChain.internalDoFilter(ApplicationFilterChain.java:164) ~[tomcat-embed-core-10.1.34.jar:10.1.34]
	at org.apache.catalina.core.ApplicationFilterChain.doFilter(ApplicationFilterChain.java:140) ~[tomcat-embed-core-10.1.34.jar:10.1.34]
	at org.apache.catalina.core.StandardWrapperValve.invoke(StandardWrapperValve.java:167) ~[tomcat-embed-core-10.1.34.jar:10.1.34]
	at org.apache.catalina.core.StandardContextValve.invoke(StandardContextValve.java:90) ~[tomcat-embed-core-10.1.34.jar:10.1.34]
	at org.apache.catalina.authenticator.AuthenticatorBase.invoke(AuthenticatorBase.java:483) ~[tomcat-embed-core-10.1.34.jar:10.1.34]
	at org.apache.catalina.core.StandardHostValve.invoke(StandardHostValve.java:115) ~[tomcat-embed-core-10.1.34.jar:10.1.34]
	at org.apache.catalina.valves.ErrorReportValve.invoke(ErrorReportValve.java:93) ~[tomcat-embed-core-10.1.34.jar:10.1.34]
	at org.apache.catalina.core.StandardEngineValve.invoke(StandardEngineValve.java:74) ~[tomcat-embed-core-10.1.34.jar:10.1.34]
	at org.apache.catalina.connector.CoyoteAdapter.service(CoyoteAdapter.java:344) ~[tomcat-embed-core-10.1.34.jar:10.1.34]
	at org.apache.coyote.http11.Http11Processor.service(Http11Processor.java:397) ~[tomcat-embed-core-10.1.34.jar:10.1.34]
	at org.apache.coyote.AbstractProcessorLight.process(AbstractProcessorLight.java:63) ~[tomcat-embed-core-10.1.34.jar:10.1.34]
	at org.apache.coyote.AbstractProtocol$ConnectionHandler.process(AbstractProtocol.java:905) ~[tomcat-embed-core-10.1.34.jar:10.1.34]
	at org.apache.tomcat.util.net.NioEndpoint$SocketProcessor.doRun(NioEndpoint.java:1741) ~[tomcat-embed-core-10.1.34.jar:10.1.34]
	at org.apache.tomcat.util.net.SocketProcessorBase.run(SocketProcessorBase.java:52) ~[tomcat-embed-core-10.1.34.jar:10.1.34]
	at org.apache.tomcat.util.threads.ThreadPoolExecutor.runWorker(ThreadPoolExecutor.java:1190) ~[tomcat-embed-core-10.1.34.jar:10.1.34]
	at org.apache.tomcat.util.threads.ThreadPoolExecutor$Worker.run(ThreadPoolExecutor.java:659) ~[tomcat-embed-core-10.1.34.jar:10.1.34]
	at org.apache.tomcat.util.threads.TaskThread$WrappingRunnable.run(TaskThread.java:63) ~[tomcat-embed-core-10.1.34.jar:10.1.34]
	at java.base/java.lang.Thread.run(Thread.java:1583) [?:?]
2025-02-06 10:12:02,502 DEBUG c.c.a.a.DomainCheckLogAspect [http-nio-8080-exec-1] class : DomainCheckRestController , service: checkDomain is running
2025-02-06 10:12:02,505 DEBUG c.c.a.a.DomainCheckLogAspect [http-nio-8080-exec-1] Method arguments: [CheckDomainRequest(url=htttp://ggogle.com)]
2025-02-06 10:12:02,505 DEBUG c.c.a.c.DomainCheckRestController [http-nio-8080-exec-1] inside checkDomain() ...
2025-02-06 10:12:02,507 ERROR o.a.c.c.C.[.[.[.[dispatcherServlet] [http-nio-8080-exec-1] Servlet.service() for servlet [dispatcherServlet] in context with path [] threw exception [Request processing failed: java.lang.IllegalArgumentException] with root cause
java.lang.IllegalArgumentException: null
	at com.cyanapp.api.service.impl.DomainServiceImpl.checkDomain(DomainServiceImpl.java:51) ~[classes/:?]
	at com.cyanapp.api.controller.DomainCheckRestController.checkDomain(DomainCheckRestController.java:32) ~[classes/:?]
	at java.base/jdk.internal.reflect.DirectMethodHandleAccessor.invoke(DirectMethodHandleAccessor.java:103) ~[?:?]
	at java.base/java.lang.reflect.Method.invoke(Method.java:580) ~[?:?]
	at org.springframework.aop.support.AopUtils.invokeJoinpointUsingReflection(AopUtils.java:359) ~[spring-aop-6.2.2.jar:6.2.2]
	at org.springframework.aop.framework.ReflectiveMethodInvocation.invokeJoinpoint(ReflectiveMethodInvocation.java:196) ~[spring-aop-6.2.2.jar:6.2.2]
	at org.springframework.aop.framework.ReflectiveMethodInvocation.proceed(ReflectiveMethodInvocation.java:163) ~[spring-aop-6.2.2.jar:6.2.2]
	at org.springframework.aop.aspectj.MethodInvocationProceedingJoinPoint.proceed(MethodInvocationProceedingJoinPoint.java:89) ~[spring-aop-6.2.2.jar:6.2.2]
	at com.cyanapp.api.aspect.DomainCheckLogAspect.logInfos(DomainCheckLogAspect.java:31) ~[classes/:?]
	at java.base/jdk.internal.reflect.DirectMethodHandleAccessor.invoke(DirectMethodHandleAccessor.java:103) ~[?:?]
	at java.base/java.lang.reflect.Method.invoke(Method.java:580) ~[?:?]
	at org.springframework.aop.aspectj.AbstractAspectJAdvice.invokeAdviceMethodWithGivenArgs(AbstractAspectJAdvice.java:638) ~[spring-aop-6.2.2.jar:6.2.2]
	at org.springframework.aop.aspectj.AbstractAspectJAdvice.invokeAdviceMethod(AbstractAspectJAdvice.java:628) ~[spring-aop-6.2.2.jar:6.2.2]
	at org.springframework.aop.aspectj.AspectJAroundAdvice.invoke(AspectJAroundAdvice.java:71) ~[spring-aop-6.2.2.jar:6.2.2]
	at org.springframework.aop.framework.ReflectiveMethodInvocation.proceed(ReflectiveMethodInvocation.java:184) ~[spring-aop-6.2.2.jar:6.2.2]
	at org.springframework.aop.interceptor.ExposeInvocationInterceptor.invoke(ExposeInvocationInterceptor.java:97) ~[spring-aop-6.2.2.jar:6.2.2]
	at org.springframework.aop.framework.ReflectiveMethodInvocation.proceed(ReflectiveMethodInvocation.java:184) ~[spring-aop-6.2.2.jar:6.2.2]
	at org.springframework.aop.framework.CglibAopProxy$DynamicAdvisedInterceptor.intercept(CglibAopProxy.java:727) ~[spring-aop-6.2.2.jar:6.2.2]
	at com.cyanapp.api.controller.DomainCheckRestController$$SpringCGLIB$$0.checkDomain(<generated>) ~[classes/:?]
	at java.base/jdk.internal.reflect.DirectMethodHandleAccessor.invoke(DirectMethodHandleAccessor.java:103) ~[?:?]
	at java.base/java.lang.reflect.Method.invoke(Method.java:580) ~[?:?]
	at org.springframework.web.method.support.InvocableHandlerMethod.doInvoke(InvocableHandlerMethod.java:257) ~[spring-web-6.2.2.jar:6.2.2]
	at org.springframework.web.method.support.InvocableHandlerMethod.invokeForRequest(InvocableHandlerMethod.java:190) ~[spring-web-6.2.2.jar:6.2.2]
	at org.springframework.web.servlet.mvc.method.annotation.ServletInvocableHandlerMethod.invokeAndHandle(ServletInvocableHandlerMethod.java:118) ~[spring-webmvc-6.2.2.jar:6.2.2]
	at org.springframework.web.servlet.mvc.method.annotation.RequestMappingHandlerAdapter.invokeHandlerMethod(RequestMappingHandlerAdapter.java:986) ~[spring-webmvc-6.2.2.jar:6.2.2]
	at org.springframework.web.servlet.mvc.method.annotation.RequestMappingHandlerAdapter.handleInternal(RequestMappingHandlerAdapter.java:891) ~[spring-webmvc-6.2.2.jar:6.2.2]
	at org.springframework.web.servlet.mvc.method.AbstractHandlerMethodAdapter.handle(AbstractHandlerMethodAdapter.java:87) ~[spring-webmvc-6.2.2.jar:6.2.2]
	at org.springframework.web.servlet.DispatcherServlet.doDispatch(DispatcherServlet.java:1088) ~[spring-webmvc-6.2.2.jar:6.2.2]
	at org.springframework.web.servlet.DispatcherServlet.doService(DispatcherServlet.java:978) ~[spring-webmvc-6.2.2.jar:6.2.2]
	at org.springframework.web.servlet.FrameworkServlet.processRequest(FrameworkServlet.java:1014) ~[spring-webmvc-6.2.2.jar:6.2.2]
	at org.springframework.web.servlet.FrameworkServlet.doPost(FrameworkServlet.java:914) ~[spring-webmvc-6.2.2.jar:6.2.2]
	at jakarta.servlet.http.HttpServlet.service(HttpServlet.java:590) ~[tomcat-embed-core-10.1.34.jar:6.0]
	at org.springframework.web.servlet.FrameworkServlet.service(FrameworkServlet.java:885) ~[spring-webmvc-6.2.2.jar:6.2.2]
	at jakarta.servlet.http.HttpServlet.service(HttpServlet.java:658) ~[tomcat-embed-core-10.1.34.jar:6.0]
	at org.apache.catalina.core.ApplicationFilterChain.internalDoFilter(ApplicationFilterChain.java:195) ~[tomcat-embed-core-10.1.34.jar:10.1.34]
	at org.apache.catalina.core.ApplicationFilterChain.doFilter(ApplicationFilterChain.java:140) ~[tomcat-embed-core-10.1.34.jar:10.1.34]
	at org.apache.tomcat.websocket.server.WsFilter.doFilter(WsFilter.java:51) ~[tomcat-embed-websocket-10.1.34.jar:10.1.34]
	at org.apache.catalina.core.ApplicationFilterChain.internalDoFilter(ApplicationFilterChain.java:164) ~[tomcat-embed-core-10.1.34.jar:10.1.34]
	at org.apache.catalina.core.ApplicationFilterChain.doFilter(ApplicationFilterChain.java:140) ~[tomcat-embed-core-10.1.34.jar:10.1.34]
	at org.springframework.web.filter.ServerHttpObservationFilter.doFilterInternal(ServerHttpObservationFilter.java:114) ~[spring-web-6.2.2.jar:6.2.2]
	at org.springframework.web.filter.OncePerRequestFilter.doFilter(OncePerRequestFilter.java:116) ~[spring-web-6.2.2.jar:6.2.2]
	at org.apache.catalina.core.ApplicationFilterChain.internalDoFilter(ApplicationFilterChain.java:164) ~[tomcat-embed-core-10.1.34.jar:10.1.34]
	at org.apache.catalina.core.ApplicationFilterChain.doFilter(ApplicationFilterChain.java:140) ~[tomcat-embed-core-10.1.34.jar:10.1.34]
	at org.springframework.web.filter.CharacterEncodingFilter.doFilterInternal(CharacterEncodingFilter.java:201) ~[spring-web-6.2.2.jar:6.2.2]
	at org.springframework.web.filter.OncePerRequestFilter.doFilter(OncePerRequestFilter.java:116) ~[spring-web-6.2.2.jar:6.2.2]
	at org.apache.catalina.core.ApplicationFilterChain.internalDoFilter(ApplicationFilterChain.java:164) ~[tomcat-embed-core-10.1.34.jar:10.1.34]
	at org.apache.catalina.core.ApplicationFilterChain.doFilter(ApplicationFilterChain.java:140) ~[tomcat-embed-core-10.1.34.jar:10.1.34]
	at org.apache.catalina.core.StandardWrapperValve.invoke(StandardWrapperValve.java:167) ~[tomcat-embed-core-10.1.34.jar:10.1.34]
	at org.apache.catalina.core.StandardContextValve.invoke(StandardContextValve.java:90) ~[tomcat-embed-core-10.1.34.jar:10.1.34]
	at org.apache.catalina.authenticator.AuthenticatorBase.invoke(AuthenticatorBase.java:483) ~[tomcat-embed-core-10.1.34.jar:10.1.34]
	at org.apache.catalina.core.StandardHostValve.invoke(StandardHostValve.java:115) ~[tomcat-embed-core-10.1.34.jar:10.1.34]
	at org.apache.catalina.valves.ErrorReportValve.invoke(ErrorReportValve.java:93) ~[tomcat-embed-core-10.1.34.jar:10.1.34]
	at org.apache.catalina.core.StandardEngineValve.invoke(StandardEngineValve.java:74) ~[tomcat-embed-core-10.1.34.jar:10.1.34]
	at org.apache.catalina.connector.CoyoteAdapter.service(CoyoteAdapter.java:344) ~[tomcat-embed-core-10.1.34.jar:10.1.34]
	at org.apache.coyote.http11.Http11Processor.service(Http11Processor.java:397) ~[tomcat-embed-core-10.1.34.jar:10.1.34]
	at org.apache.coyote.AbstractProcessorLight.process(AbstractProcessorLight.java:63) ~[tomcat-embed-core-10.1.34.jar:10.1.34]
	at org.apache.coyote.AbstractProtocol$ConnectionHandler.process(AbstractProtocol.java:905) ~[tomcat-embed-core-10.1.34.jar:10.1.34]
	at org.apache.tomcat.util.net.NioEndpoint$SocketProcessor.doRun(NioEndpoint.java:1741) ~[tomcat-embed-core-10.1.34.jar:10.1.34]
	at org.apache.tomcat.util.net.SocketProcessorBase.run(SocketProcessorBase.java:52) ~[tomcat-embed-core-10.1.34.jar:10.1.34]
	at org.apache.tomcat.util.threads.ThreadPoolExecutor.runWorker(ThreadPoolExecutor.java:1190) ~[tomcat-embed-core-10.1.34.jar:10.1.34]
	at org.apache.tomcat.util.threads.ThreadPoolExecutor$Worker.run(ThreadPoolExecutor.java:659) ~[tomcat-embed-core-10.1.34.jar:10.1.34]
	at org.apache.tomcat.util.threads.TaskThread$WrappingRunnable.run(TaskThread.java:63) ~[tomcat-embed-core-10.1.34.jar:10.1.34]
	at java.base/java.lang.Thread.run(Thread.java:1583) [?:?]
2025-02-06 10:12:09,390 DEBUG c.c.a.a.DomainCheckLogAspect [http-nio-8080-exec-7] class : DomainCheckRestController , service: checkDomain is running
2025-02-06 10:12:09,390 DEBUG c.c.a.a.DomainCheckLogAspect [http-nio-8080-exec-7] Method arguments: [CheckDomainRequest(url=http://ggogle.com)]
2025-02-06 10:12:09,390 DEBUG c.c.a.c.DomainCheckRestController [http-nio-8080-exec-7] inside checkDomain() ...
2025-02-06 10:12:09,405 DEBUG c.c.a.a.DomainCheckLogAspect [http-nio-8080-exec-7] class : DomainCheckRestController , service: checkDomain running was finished
2025-02-06 10:12:09,409 DEBUG c.c.a.a.DomainCheckLogAspect [http-nio-8080-exec-7] Method result: <200 OK OK,CheckDomainResponse(domain=ggogle.com, category=UNKNOWN, blocked=false),[]>
2025-02-06 10:41:13,481 INFO c.c.a.CategoryCheckApplication [main] Starting CategoryCheckApplication using Java 21.0.6 with PID 48942 (/Volumes/MyStorage/_Projects/category-check/target/classes started by Kamran in /Volumes/MyStorage/_Projects/category-check)
2025-02-06 10:41:13,487 DEBUG c.c.a.CategoryCheckApplication [main] Running with Spring Boot v3.4.2, Spring v6.2.2
2025-02-06 10:41:13,488 INFO c.c.a.CategoryCheckApplication [main] The following 1 profile is active: "dev"
2025-02-06 10:41:20,208 INFO c.c.a.CategoryCheckApplication [main] Started CategoryCheckApplication in 7.087 seconds (process running for 8.484)
2025-02-06 10:42:32,494 INFO c.c.a.CategoryCheckApplication [main] Starting CategoryCheckApplication using Java 21.0.6 with PID 48950 (/Volumes/MyStorage/_Projects/category-check/target/classes started by Kamran in /Volumes/MyStorage/_Projects/category-check)
2025-02-06 10:42:32,499 DEBUG c.c.a.CategoryCheckApplication [main] Running with Spring Boot v3.4.2, Spring v6.2.2
2025-02-06 10:42:32,500 INFO c.c.a.CategoryCheckApplication [main] The following 1 profile is active: "dev"
2025-02-06 10:42:38,556 INFO c.c.a.CategoryCheckApplication [main] Started CategoryCheckApplication in 6.422 seconds (process running for 7.484)
2025-02-06 10:44:31,388 DEBUG c.c.a.a.DomainCheckLogAspect [http-nio-8080-exec-1] class : DomainCheckRestController , service: checkDomain is running
2025-02-06 10:44:31,392 DEBUG c.c.a.a.DomainCheckLogAspect [http-nio-8080-exec-1] Method arguments: [CheckDomainRequest(url=https://sex1.badinternetdomain.com/images/13761dac?utm=google.com)]
2025-02-06 10:44:31,392 DEBUG c.c.a.c.DomainCheckRestController [http-nio-8080-exec-1] inside checkDomain() ...
2025-02-06 10:44:31,540 DEBUG c.c.a.a.DomainCheckLogAspect [http-nio-8080-exec-1] class : DomainCheckRestController , service: checkDomain running was finished
2025-02-06 10:44:31,543 DEBUG c.c.a.a.DomainCheckLogAspect [http-nio-8080-exec-1] Method result: <200 OK OK,CheckDomainResponse(domain=sex1.badinternetdomain.com, category=UNKNOWN, blocked=false),[]>
2025-02-06 10:44:36,468 DEBUG c.c.a.a.DomainCheckLogAspect [http-nio-8080-exec-3] class : DomainCheckRestController , service: checkDomain is running
2025-02-06 10:44:36,468 DEBUG c.c.a.a.DomainCheckLogAspect [http-nio-8080-exec-3] Method arguments: [CheckDomainRequest(url=https://sex1.badinternetdomain.com/images/13761dac?utm=google.com)]
2025-02-06 10:44:36,469 DEBUG c.c.a.c.DomainCheckRestController [http-nio-8080-exec-3] inside checkDomain() ...
2025-02-06 10:44:36,471 DEBUG c.c.a.a.DomainCheckLogAspect [http-nio-8080-exec-3] class : DomainCheckRestController , service: checkDomain running was finished
2025-02-06 10:44:36,471 DEBUG c.c.a.a.DomainCheckLogAspect [http-nio-8080-exec-3] Method result: <200 OK OK,CheckDomainResponse(domain=sex1.badinternetdomain.com, category=UNKNOWN, blocked=false),[]>
2025-02-06 10:44:40,074 DEBUG c.c.a.a.DomainCheckLogAspect [http-nio-8080-exec-4] class : DomainCheckRestController , service: checkDomain is running
2025-02-06 10:44:40,075 DEBUG c.c.a.a.DomainCheckLogAspect [http-nio-8080-exec-4] Method arguments: [CheckDomainRequest(url=https://sex.badinternetdomain.com/images/13761dac?utm=google.com)]
2025-02-06 10:44:40,075 DEBUG c.c.a.c.DomainCheckRestController [http-nio-8080-exec-4] inside checkDomain() ...
2025-02-06 10:44:40,088 DEBUG c.c.a.a.DomainCheckLogAspect [http-nio-8080-exec-4] class : DomainCheckRestController , service: checkDomain running was finished
2025-02-06 10:44:40,088 DEBUG c.c.a.a.DomainCheckLogAspect [http-nio-8080-exec-4] Method result: <200 OK OK,CheckDomainResponse(domain=sex.badinternetdomain.com, category=PORNOGRAPHY, blocked=true),[]>
2025-02-06 10:44:41,801 DEBUG c.c.a.a.DomainCheckLogAspect [http-nio-8080-exec-5] class : DomainCheckRestController , service: checkDomain is running
2025-02-06 10:44:41,801 DEBUG c.c.a.a.DomainCheckLogAspect [http-nio-8080-exec-5] Method arguments: [CheckDomainRequest(url=https://sex.badinternetdomain.com/images/13761dac?utm=google.com)]
2025-02-06 10:44:41,801 DEBUG c.c.a.c.DomainCheckRestController [http-nio-8080-exec-5] inside checkDomain() ...
2025-02-06 10:44:41,804 DEBUG c.c.a.a.DomainCheckLogAspect [http-nio-8080-exec-5] class : DomainCheckRestController , service: checkDomain running was finished
2025-02-06 10:44:41,804 DEBUG c.c.a.a.DomainCheckLogAspect [http-nio-8080-exec-5] Method result: <200 OK OK,CheckDomainResponse(domain=sex.badinternetdomain.com, category=PORNOGRAPHY, blocked=true),[]>
2025-02-06 10:45:09,412 DEBUG c.c.a.a.DomainCheckLogAspect [http-nio-8080-exec-6] class : DomainCheckRestController , service: checkDomain is running
2025-02-06 10:45:09,414 DEBUG c.c.a.a.DomainCheckLogAspect [http-nio-8080-exec-6] Method arguments: [CheckDomainRequest(url=https://phishing.badinternetdomain.com/images/13761dac?utm=google.com)]
2025-02-06 10:45:09,415 DEBUG c.c.a.c.DomainCheckRestController [http-nio-8080-exec-6] inside checkDomain() ...
2025-02-06 10:45:09,417 DEBUG c.c.a.a.DomainCheckLogAspect [http-nio-8080-exec-6] class : DomainCheckRestController , service: checkDomain running was finished
2025-02-06 10:45:09,417 DEBUG c.c.a.a.DomainCheckLogAspect [http-nio-8080-exec-6] Method result: <200 OK OK,CheckDomainResponse(domain=phishing.badinternetdomain.com, category=MALWARE_AND_PHISHING, blocked=true),[]>
2025-02-06 10:45:20,146 DEBUG c.c.a.a.DomainCheckLogAspect [http-nio-8080-exec-7] class : DomainCheckRestController , service: checkDomain is running
2025-02-06 10:45:20,147 DEBUG c.c.a.a.DomainCheckLogAspect [http-nio-8080-exec-7] Method arguments: [CheckDomainRequest(url=https://malware.badinternetdomain.com/images/13761dac?utm=google.com)]
2025-02-06 10:45:20,147 DEBUG c.c.a.c.DomainCheckRestController [http-nio-8080-exec-7] inside checkDomain() ...
2025-02-06 10:45:20,149 DEBUG c.c.a.a.DomainCheckLogAspect [http-nio-8080-exec-7] class : DomainCheckRestController , service: checkDomain running was finished
2025-02-06 10:45:20,149 DEBUG c.c.a.a.DomainCheckLogAspect [http-nio-8080-exec-7] Method result: <200 OK OK,CheckDomainResponse(domain=malware.badinternetdomain.com, category=MALWARE_AND_PHISHING, blocked=false),[]>
2025-02-06 10:45:36,113 DEBUG c.c.a.a.DomainCheckLogAspect [http-nio-8080-exec-8] class : DomainCheckRestController , service: checkDomain is running
2025-02-06 10:45:36,113 DEBUG c.c.a.a.DomainCheckLogAspect [http-nio-8080-exec-8] Method arguments: [CheckDomainRequest(url=https://drugs.badinternetdomain.com/images/13761dac?utm=google.com)]
2025-02-06 10:45:36,113 DEBUG c.c.a.c.DomainCheckRestController [http-nio-8080-exec-8] inside checkDomain() ...
2025-02-06 10:45:36,115 DEBUG c.c.a.a.DomainCheckLogAspect [http-nio-8080-exec-8] class : DomainCheckRestController , service: checkDomain running was finished
2025-02-06 10:45:36,115 DEBUG c.c.a.a.DomainCheckLogAspect [http-nio-8080-exec-8] Method result: <200 OK OK,CheckDomainResponse(domain=drugs.badinternetdomain.com, category=DRUGS, blocked=true),[]>
2025-02-06 10:45:37,530 DEBUG c.c.a.a.DomainCheckLogAspect [http-nio-8080-exec-9] class : DomainCheckRestController , service: checkDomain is running
2025-02-06 10:45:37,531 DEBUG c.c.a.a.DomainCheckLogAspect [http-nio-8080-exec-9] Method arguments: [CheckDomainRequest(url=https://drugs.badinternetdomain.com/images/13761dac?utm=google.com)]
2025-02-06 10:45:37,531 DEBUG c.c.a.c.DomainCheckRestController [http-nio-8080-exec-9] inside checkDomain() ...
2025-02-06 10:45:37,533 DEBUG c.c.a.a.DomainCheckLogAspect [http-nio-8080-exec-9] class : DomainCheckRestController , service: checkDomain running was finished
2025-02-06 10:45:37,533 DEBUG c.c.a.a.DomainCheckLogAspect [http-nio-8080-exec-9] Method result: <200 OK OK,CheckDomainResponse(domain=drugs.badinternetdomain.com, category=DRUGS, blocked=true),[]>
2025-02-06 10:45:38,890 DEBUG c.c.a.a.DomainCheckLogAspect [http-nio-8080-exec-10] class : DomainCheckRestController , service: checkDomain is running
2025-02-06 10:45:38,890 DEBUG c.c.a.a.DomainCheckLogAspect [http-nio-8080-exec-10] Method arguments: [CheckDomainRequest(url=https://drugs.badinternetdomain.com/images/13761dac?utm=google.com)]
2025-02-06 10:45:38,891 DEBUG c.c.a.c.DomainCheckRestController [http-nio-8080-exec-10] inside checkDomain() ...
2025-02-06 10:45:38,894 DEBUG c.c.a.a.DomainCheckLogAspect [http-nio-8080-exec-10] class : DomainCheckRestController , service: checkDomain running was finished
2025-02-06 10:45:38,894 DEBUG c.c.a.a.DomainCheckLogAspect [http-nio-8080-exec-10] Method result: <200 OK OK,CheckDomainResponse(domain=drugs.badinternetdomain.com, category=DRUGS, blocked=true),[]>
2025-02-06 10:45:40,185 DEBUG c.c.a.a.DomainCheckLogAspect [http-nio-8080-exec-2] class : DomainCheckRestController , service: checkDomain is running
2025-02-06 10:45:40,185 DEBUG c.c.a.a.DomainCheckLogAspect [http-nio-8080-exec-2] Method arguments: [CheckDomainRequest(url=https://drugs.badinternetdomain.com/images/13761dac?utm=google.com)]
2025-02-06 10:45:40,185 DEBUG c.c.a.c.DomainCheckRestController [http-nio-8080-exec-2] inside checkDomain() ...
2025-02-06 10:45:40,187 DEBUG c.c.a.a.DomainCheckLogAspect [http-nio-8080-exec-2] class : DomainCheckRestController , service: checkDomain running was finished
2025-02-06 10:45:40,187 DEBUG c.c.a.a.DomainCheckLogAspect [http-nio-8080-exec-2] Method result: <200 OK OK,CheckDomainResponse(domain=drugs.badinternetdomain.com, category=DRUGS, blocked=true),[]>
2025-02-06 10:46:46,533 INFO c.c.a.CategoryCheckApplication [main] Starting CategoryCheckApplication using Java 21.0.6 with PID 49032 (/Volumes/MyStorage/_Projects/category-check/target/classes started by Kamran in /Volumes/MyStorage/_Projects/category-check)
2025-02-06 10:46:46,540 DEBUG c.c.a.CategoryCheckApplication [main] Running with Spring Boot v3.4.2, Spring v6.2.2
2025-02-06 10:46:46,541 INFO c.c.a.CategoryCheckApplication [main] The following 1 profile is active: "dev"
2025-02-06 10:46:53,913 INFO c.c.a.CategoryCheckApplication [main] Started CategoryCheckApplication in 7.827 seconds (process running for 9.043)
2025-02-06 10:47:00,835 DEBUG c.c.a.a.DomainCheckLogAspect [http-nio-8080-exec-1] class : DomainCheckRestController , service: checkDomain is running
2025-02-06 10:47:00,836 DEBUG c.c.a.a.DomainCheckLogAspect [http-nio-8080-exec-1] Method arguments: [CheckDomainRequest(url=https://drugs.badinternetdomain.com/images/13761dac?utm=google.com)]
2025-02-06 10:47:00,836 DEBUG c.c.a.c.DomainCheckRestController [http-nio-8080-exec-1] inside checkDomain() ...
2025-02-06 10:47:00,964 DEBUG c.c.a.a.DomainCheckLogAspect [http-nio-8080-exec-1] class : DomainCheckRestController , service: checkDomain running was finished
2025-02-06 10:47:00,968 DEBUG c.c.a.a.DomainCheckLogAspect [http-nio-8080-exec-1] Method result: <200 OK OK,CheckDomainResponse(domain=drugs.badinternetdomain.com, category=DRUGS, blocked=true),[]>
2025-02-06 10:47:02,074 DEBUG c.c.a.a.DomainCheckLogAspect [http-nio-8080-exec-3] class : DomainCheckRestController , service: checkDomain is running
2025-02-06 10:47:02,075 DEBUG c.c.a.a.DomainCheckLogAspect [http-nio-8080-exec-3] Method arguments: [CheckDomainRequest(url=https://drugs.badinternetdomain.com/images/13761dac?utm=google.com)]
2025-02-06 10:47:02,075 DEBUG c.c.a.c.DomainCheckRestController [http-nio-8080-exec-3] inside checkDomain() ...
2025-02-06 10:47:02,077 DEBUG c.c.a.a.DomainCheckLogAspect [http-nio-8080-exec-3] class : DomainCheckRestController , service: checkDomain running was finished
2025-02-06 10:47:02,077 DEBUG c.c.a.a.DomainCheckLogAspect [http-nio-8080-exec-3] Method result: <200 OK OK,CheckDomainResponse(domain=drugs.badinternetdomain.com, category=DRUGS, blocked=true),[]>
2025-02-06 10:47:02,917 DEBUG c.c.a.a.DomainCheckLogAspect [http-nio-8080-exec-4] class : DomainCheckRestController , service: checkDomain is running
2025-02-06 10:47:02,921 DEBUG c.c.a.a.DomainCheckLogAspect [http-nio-8080-exec-4] Method arguments: [CheckDomainRequest(url=https://drugs.badinternetdomain.com/images/13761dac?utm=google.com)]
2025-02-06 10:47:02,921 DEBUG c.c.a.c.DomainCheckRestController [http-nio-8080-exec-4] inside checkDomain() ...
2025-02-06 10:47:02,923 DEBUG c.c.a.a.DomainCheckLogAspect [http-nio-8080-exec-4] class : DomainCheckRestController , service: checkDomain running was finished
2025-02-06 10:47:02,924 DEBUG c.c.a.a.DomainCheckLogAspect [http-nio-8080-exec-4] Method result: <200 OK OK,CheckDomainResponse(domain=drugs.badinternetdomain.com, category=DRUGS, blocked=true),[]>
2025-02-06 10:47:06,788 DEBUG c.c.a.a.DomainCheckLogAspect [http-nio-8080-exec-5] class : DomainCheckRestController , service: checkDomain is running
2025-02-06 10:47:06,788 DEBUG c.c.a.a.DomainCheckLogAspect [http-nio-8080-exec-5] Method arguments: [CheckDomainRequest(url=https://malware.badinternetdomain.com/images/13761dac?utm=google.com)]
2025-02-06 10:47:06,788 DEBUG c.c.a.c.DomainCheckRestController [http-nio-8080-exec-5] inside checkDomain() ...
2025-02-06 10:47:06,790 DEBUG c.c.a.a.DomainCheckLogAspect [http-nio-8080-exec-5] class : DomainCheckRestController , service: checkDomain running was finished
2025-02-06 10:47:06,790 DEBUG c.c.a.a.DomainCheckLogAspect [http-nio-8080-exec-5] Method result: <200 OK OK,CheckDomainResponse(domain=malware.badinternetdomain.com, category=MALWARE_AND_PHISHING, blocked=false),[]>
2025-02-06 10:47:07,641 DEBUG c.c.a.a.DomainCheckLogAspect [http-nio-8080-exec-6] class : DomainCheckRestController , service: checkDomain is running
2025-02-06 10:47:07,641 DEBUG c.c.a.a.DomainCheckLogAspect [http-nio-8080-exec-6] Method arguments: [CheckDomainRequest(url=https://malware.badinternetdomain.com/images/13761dac?utm=google.com)]
2025-02-06 10:47:07,641 DEBUG c.c.a.c.DomainCheckRestController [http-nio-8080-exec-6] inside checkDomain() ...
2025-02-06 10:47:07,643 DEBUG c.c.a.a.DomainCheckLogAspect [http-nio-8080-exec-6] class : DomainCheckRestController , service: checkDomain running was finished
2025-02-06 10:47:07,644 DEBUG c.c.a.a.DomainCheckLogAspect [http-nio-8080-exec-6] Method result: <200 OK OK,CheckDomainResponse(domain=malware.badinternetdomain.com, category=MALWARE_AND_PHISHING, blocked=false),[]>
2025-02-06 10:47:08,652 DEBUG c.c.a.a.DomainCheckLogAspect [http-nio-8080-exec-7] class : DomainCheckRestController , service: checkDomain is running
2025-02-06 10:47:08,652 DEBUG c.c.a.a.DomainCheckLogAspect [http-nio-8080-exec-7] Method arguments: [CheckDomainRequest(url=https://malware.badinternetdomain.com/images/13761dac?utm=google.com)]
2025-02-06 10:47:08,652 DEBUG c.c.a.c.DomainCheckRestController [http-nio-8080-exec-7] inside checkDomain() ...
2025-02-06 10:47:08,655 DEBUG c.c.a.a.DomainCheckLogAspect [http-nio-8080-exec-7] class : DomainCheckRestController , service: checkDomain running was finished
2025-02-06 10:47:08,655 DEBUG c.c.a.a.DomainCheckLogAspect [http-nio-8080-exec-7] Method result: <200 OK OK,CheckDomainResponse(domain=malware.badinternetdomain.com, category=MALWARE_AND_PHISHING, blocked=false),[]>
2025-02-06 10:47:11,508 DEBUG c.c.a.a.DomainCheckLogAspect [http-nio-8080-exec-8] class : DomainCheckRestController , service: checkDomain is running
2025-02-06 10:47:11,508 DEBUG c.c.a.a.DomainCheckLogAspect [http-nio-8080-exec-8] Method arguments: [CheckDomainRequest(url=https://phishing.badinternetdomain.com/images/13761dac?utm=google.com)]
2025-02-06 10:47:11,508 DEBUG c.c.a.c.DomainCheckRestController [http-nio-8080-exec-8] inside checkDomain() ...
2025-02-06 10:47:11,510 DEBUG c.c.a.a.DomainCheckLogAspect [http-nio-8080-exec-8] class : DomainCheckRestController , service: checkDomain running was finished
2025-02-06 10:47:11,510 DEBUG c.c.a.a.DomainCheckLogAspect [http-nio-8080-exec-8] Method result: <200 OK OK,CheckDomainResponse(domain=phishing.badinternetdomain.com, category=MALWARE_AND_PHISHING, blocked=true),[]>
2025-02-06 10:47:12,303 DEBUG c.c.a.a.DomainCheckLogAspect [http-nio-8080-exec-9] class : DomainCheckRestController , service: checkDomain is running
2025-02-06 10:47:12,303 DEBUG c.c.a.a.DomainCheckLogAspect [http-nio-8080-exec-9] Method arguments: [CheckDomainRequest(url=https://phishing.badinternetdomain.com/images/13761dac?utm=google.com)]
2025-02-06 10:47:12,303 DEBUG c.c.a.c.DomainCheckRestController [http-nio-8080-exec-9] inside checkDomain() ...
2025-02-06 10:47:12,306 DEBUG c.c.a.a.DomainCheckLogAspect [http-nio-8080-exec-9] class : DomainCheckRestController , service: checkDomain running was finished
2025-02-06 10:47:12,306 DEBUG c.c.a.a.DomainCheckLogAspect [http-nio-8080-exec-9] Method result: <200 OK OK,CheckDomainResponse(domain=phishing.badinternetdomain.com, category=MALWARE_AND_PHISHING, blocked=true),[]>
2025-02-06 10:47:13,160 DEBUG c.c.a.a.DomainCheckLogAspect [http-nio-8080-exec-10] class : DomainCheckRestController , service: checkDomain is running
2025-02-06 10:47:13,160 DEBUG c.c.a.a.DomainCheckLogAspect [http-nio-8080-exec-10] Method arguments: [CheckDomainRequest(url=https://phishing.badinternetdomain.com/images/13761dac?utm=google.com)]
2025-02-06 10:47:13,160 DEBUG c.c.a.c.DomainCheckRestController [http-nio-8080-exec-10] inside checkDomain() ...
2025-02-06 10:47:13,162 DEBUG c.c.a.a.DomainCheckLogAspect [http-nio-8080-exec-10] class : DomainCheckRestController , service: checkDomain running was finished
2025-02-06 10:47:13,162 DEBUG c.c.a.a.DomainCheckLogAspect [http-nio-8080-exec-10] Method result: <200 OK OK,CheckDomainResponse(domain=phishing.badinternetdomain.com, category=MALWARE_AND_PHISHING, blocked=true),[]>
2025-02-06 10:47:14,035 DEBUG c.c.a.a.DomainCheckLogAspect [http-nio-8080-exec-2] class : DomainCheckRestController , service: checkDomain is running
2025-02-06 10:47:14,035 DEBUG c.c.a.a.DomainCheckLogAspect [http-nio-8080-exec-2] Method arguments: [CheckDomainRequest(url=https://phishing.badinternetdomain.com/images/13761dac?utm=google.com)]
2025-02-06 10:47:14,035 DEBUG c.c.a.c.DomainCheckRestController [http-nio-8080-exec-2] inside checkDomain() ...
2025-02-06 10:47:14,037 DEBUG c.c.a.a.DomainCheckLogAspect [http-nio-8080-exec-2] class : DomainCheckRestController , service: checkDomain running was finished
2025-02-06 10:47:14,038 DEBUG c.c.a.a.DomainCheckLogAspect [http-nio-8080-exec-2] Method result: <200 OK OK,CheckDomainResponse(domain=phishing.badinternetdomain.com, category=MALWARE_AND_PHISHING, blocked=true),[]>
2025-02-06 10:47:14,809 DEBUG c.c.a.a.DomainCheckLogAspect [http-nio-8080-exec-1] class : DomainCheckRestController , service: checkDomain is running
2025-02-06 10:47:14,809 DEBUG c.c.a.a.DomainCheckLogAspect [http-nio-8080-exec-1] Method arguments: [CheckDomainRequest(url=https://phishing.badinternetdomain.com/images/13761dac?utm=google.com)]
2025-02-06 10:47:14,810 DEBUG c.c.a.c.DomainCheckRestController [http-nio-8080-exec-1] inside checkDomain() ...
2025-02-06 10:47:14,811 DEBUG c.c.a.a.DomainCheckLogAspect [http-nio-8080-exec-1] class : DomainCheckRestController , service: checkDomain running was finished
2025-02-06 10:47:14,812 DEBUG c.c.a.a.DomainCheckLogAspect [http-nio-8080-exec-1] Method result: <200 OK OK,CheckDomainResponse(domain=phishing.badinternetdomain.com, category=MALWARE_AND_PHISHING, blocked=true),[]>
2025-02-06 10:47:15,537 DEBUG c.c.a.a.DomainCheckLogAspect [http-nio-8080-exec-3] class : DomainCheckRestController , service: checkDomain is running
2025-02-06 10:47:15,537 DEBUG c.c.a.a.DomainCheckLogAspect [http-nio-8080-exec-3] Method arguments: [CheckDomainRequest(url=https://phishing.badinternetdomain.com/images/13761dac?utm=google.com)]
2025-02-06 10:47:15,537 DEBUG c.c.a.c.DomainCheckRestController [http-nio-8080-exec-3] inside checkDomain() ...
2025-02-06 10:47:15,539 DEBUG c.c.a.a.DomainCheckLogAspect [http-nio-8080-exec-3] class : DomainCheckRestController , service: checkDomain running was finished
2025-02-06 10:47:15,539 DEBUG c.c.a.a.DomainCheckLogAspect [http-nio-8080-exec-3] Method result: <200 OK OK,CheckDomainResponse(domain=phishing.badinternetdomain.com, category=MALWARE_AND_PHISHING, blocked=true),[]>
2025-02-06 10:47:20,063 DEBUG c.c.a.a.DomainCheckLogAspect [http-nio-8080-exec-4] class : DomainCheckRestController , service: checkDomain is running
2025-02-06 10:47:20,063 DEBUG c.c.a.a.DomainCheckLogAspect [http-nio-8080-exec-4] Method arguments: [CheckDomainRequest(url=https://sex.badinternetdomain.com/images/13761dac?utm=google.com)]
2025-02-06 10:47:20,063 DEBUG c.c.a.c.DomainCheckRestController [http-nio-8080-exec-4] inside checkDomain() ...
2025-02-06 10:47:20,065 DEBUG c.c.a.a.DomainCheckLogAspect [http-nio-8080-exec-4] class : DomainCheckRestController , service: checkDomain running was finished
2025-02-06 10:47:20,065 DEBUG c.c.a.a.DomainCheckLogAspect [http-nio-8080-exec-4] Method result: <200 OK OK,CheckDomainResponse(domain=sex.badinternetdomain.com, category=PORNOGRAPHY, blocked=true),[]>
2025-02-06 10:47:27,346 DEBUG c.c.a.a.DomainCheckLogAspect [http-nio-8080-exec-5] class : DomainCheckRestController , service: getDomainStatistics is running
2025-02-06 10:47:27,349 DEBUG c.c.a.a.DomainCheckLogAspect [http-nio-8080-exec-5] Method arguments: []
2025-02-06 10:47:27,369 DEBUG c.c.a.a.DomainCheckLogAspect [http-nio-8080-exec-5] class : DomainCheckRestController , service: getDomainStatistics running was finished
2025-02-06 10:47:27,372 DEBUG c.c.a.a.DomainCheckLogAspect [http-nio-8080-exec-5] Method result: <200 OK OK,GeneralStatistics(malwarePhishingCount=1, nonMalwarePhishingCount=5, domainStatistics=[DomainStatistic(domain=sex.badinternetdomain.com, hitCount=1), DomainStatistic(domain=drugs.badinternetdomain.com, hitCount=3), DomainStatistic(domain=phishing.badinternetdomain.com, hitCount=6)]),[]>
2025-02-06 11:51:57,090 INFO c.c.a.CategoryCheckApplication [main] Starting CategoryCheckApplication using Java 21.0.6 with PID 50049 (/Volumes/MyStorage/_Projects/category-check/target/classes started by Kamran in /Volumes/MyStorage/_Projects/category-check)
2025-02-06 11:51:57,100 DEBUG c.c.a.CategoryCheckApplication [main] Running with Spring Boot v3.4.2, Spring v6.2.2
2025-02-06 11:51:57,101 INFO c.c.a.CategoryCheckApplication [main] The following 1 profile is active: "dev"
2025-02-06 11:52:04,252 INFO c.c.a.CategoryCheckApplication [main] Started CategoryCheckApplication in 7.542 seconds (process running for 8.81)
2025-02-06 11:52:04,376 DEBUG c.c.a.a.DomainCheckLogAspect [http-nio-8080-exec-2] class : DomainCheckRestController , service: getDomainStatistics is running
2025-02-06 11:52:04,377 DEBUG c.c.a.a.DomainCheckLogAspect [http-nio-8080-exec-2] Method arguments: []
2025-02-06 11:52:04,507 DEBUG c.c.a.a.DomainCheckLogAspect [http-nio-8080-exec-2] class : DomainCheckRestController , service: getDomainStatistics running was finished
2025-02-06 11:52:04,511 DEBUG c.c.a.a.DomainCheckLogAspect [http-nio-8080-exec-2] Method result: <200 OK OK,GeneralStatistics(malwarePhishingCount=1, nonMalwarePhishingCount=5, domainStatistics=[]),[]>
2025-02-06 11:52:13,631 DEBUG c.c.a.a.DomainCheckLogAspect [http-nio-8080-exec-3] class : DomainCheckRestController , service: checkDomain is running
2025-02-06 11:52:13,634 DEBUG c.c.a.a.DomainCheckLogAspect [http-nio-8080-exec-3] Method arguments: [CheckDomainRequest(url=https://sex.badinternetdomain.com/images/13761dac?utm=google.com)]
2025-02-06 11:52:13,634 DEBUG c.c.a.c.DomainCheckRestController [http-nio-8080-exec-3] inside checkDomain() ...
2025-02-06 11:52:13,678 DEBUG c.c.a.a.DomainCheckLogAspect [http-nio-8080-exec-3] class : DomainCheckRestController , service: checkDomain running was finished
2025-02-06 11:52:13,680 DEBUG c.c.a.a.DomainCheckLogAspect [http-nio-8080-exec-3] Method result: <200 OK OK,CheckDomainResponse(domain=sex.badinternetdomain.com, category=PORNOGRAPHY, blocked=true),[]>
2025-02-06 11:52:17,095 DEBUG c.c.a.a.DomainCheckLogAspect [http-nio-8080-exec-4] class : DomainCheckRestController , service: getDomainStatistics is running
2025-02-06 11:52:17,095 DEBUG c.c.a.a.DomainCheckLogAspect [http-nio-8080-exec-4] Method arguments: []
2025-02-06 11:52:17,099 DEBUG c.c.a.a.DomainCheckLogAspect [http-nio-8080-exec-4] class : DomainCheckRestController , service: getDomainStatistics running was finished
2025-02-06 11:52:17,100 DEBUG c.c.a.a.DomainCheckLogAspect [http-nio-8080-exec-4] Method result: <200 OK OK,GeneralStatistics(malwarePhishingCount=1, nonMalwarePhishingCount=5, domainStatistics=[DomainStatistic(domain=sex.badinternetdomain.com, hitCount=1)]),[]>
2025-02-06 11:52:27,198 DEBUG c.c.a.a.DomainCheckLogAspect [http-nio-8080-exec-5] class : DomainCheckRestController , service: checkDomain is running
2025-02-06 11:52:27,198 DEBUG c.c.a.a.DomainCheckLogAspect [http-nio-8080-exec-5] Method arguments: [CheckDomainRequest(url=https://sext.badinternetdomain.com/images/13761dac?utm=google.com)]
2025-02-06 11:52:27,198 DEBUG c.c.a.c.DomainCheckRestController [http-nio-8080-exec-5] inside checkDomain() ...
2025-02-06 11:52:27,200 DEBUG c.c.a.a.DomainCheckLogAspect [http-nio-8080-exec-5] class : DomainCheckRestController , service: checkDomain running was finished
2025-02-06 11:52:27,200 DEBUG c.c.a.a.DomainCheckLogAspect [http-nio-8080-exec-5] Method result: <200 OK OK,CheckDomainResponse(domain=sext.badinternetdomain.com, category=UNKNOWN, blocked=false),[]>
2025-02-06 11:52:31,795 DEBUG c.c.a.a.DomainCheckLogAspect [http-nio-8080-exec-6] class : DomainCheckRestController , service: getDomainStatistics is running
2025-02-06 11:52:31,795 DEBUG c.c.a.a.DomainCheckLogAspect [http-nio-8080-exec-6] Method arguments: []
2025-02-06 11:52:31,798 DEBUG c.c.a.a.DomainCheckLogAspect [http-nio-8080-exec-6] class : DomainCheckRestController , service: getDomainStatistics running was finished
2025-02-06 11:52:31,798 DEBUG c.c.a.a.DomainCheckLogAspect [http-nio-8080-exec-6] Method result: <200 OK OK,GeneralStatistics(malwarePhishingCount=1, nonMalwarePhishingCount=5, domainStatistics=[DomainStatistic(domain=sex.badinternetdomain.com, hitCount=1)]),[]>
2025-02-06 11:52:55,161 DEBUG c.c.a.a.DomainCheckLogAspect [http-nio-8080-exec-7] class : DomainCheckRestController , service: checkDomain is running
2025-02-06 11:52:55,268 DEBUG c.c.a.a.DomainCheckLogAspect [http-nio-8080-exec-7] Method arguments: [CheckDomainRequest(url=https://porn.badinternetdomain.com/images/13761dac?utm=google.com)]
2025-02-06 11:52:55,268 DEBUG c.c.a.c.DomainCheckRestController [http-nio-8080-exec-7] inside checkDomain() ...
2025-02-06 11:52:55,271 DEBUG c.c.a.a.DomainCheckLogAspect [http-nio-8080-exec-7] class : DomainCheckRestController , service: checkDomain running was finished
2025-02-06 11:52:55,271 DEBUG c.c.a.a.DomainCheckLogAspect [http-nio-8080-exec-7] Method result: <200 OK OK,CheckDomainResponse(domain=porn.badinternetdomain.com, category=PORNOGRAPHY, blocked=false),[]>
2025-02-06 11:52:59,587 DEBUG c.c.a.a.DomainCheckLogAspect [http-nio-8080-exec-8] class : DomainCheckRestController , service: getDomainStatistics is running
2025-02-06 11:52:59,587 DEBUG c.c.a.a.DomainCheckLogAspect [http-nio-8080-exec-8] Method arguments: []
2025-02-06 11:52:59,589 DEBUG c.c.a.a.DomainCheckLogAspect [http-nio-8080-exec-8] class : DomainCheckRestController , service: getDomainStatistics running was finished
2025-02-06 11:52:59,590 DEBUG c.c.a.a.DomainCheckLogAspect [http-nio-8080-exec-8] Method result: <200 OK OK,GeneralStatistics(malwarePhishingCount=1, nonMalwarePhishingCount=5, domainStatistics=[DomainStatistic(domain=sex.badinternetdomain.com, hitCount=1)]),[]>
2025-02-06 11:57:17,003 DEBUG c.c.a.c.DomainCheckRestController [main] inside checkDomain() ...
2025-02-06 12:01:30,342 DEBUG c.c.a.c.DomainCheckRestController [main] inside checkDomain() ...
